0 info it worked if it ends with ok
1 verbose cli [ 'node', '/usr/local/bin/npm', 'install', '-g', 'learnyounode' ]
2 info using npm@2.11.3
3 info using node@v0.12.7
4 verbose install initial load of /usr/local/lib/package.json
5 verbose readDependencies loading dependencies from /usr/local/lib/package.json
6 silly cache add args [ 'learnyounode', null ]
7 verbose cache add spec learnyounode
8 silly cache add parsed spec { raw: 'learnyounode',
8 silly cache add   scope: null,
8 silly cache add   name: 'learnyounode',
8 silly cache add   rawSpec: '',
8 silly cache add   spec: '*',
8 silly cache add   type: 'range' }
9 silly addNamed learnyounode@*
10 verbose addNamed "*" is a valid semver range for learnyounode
11 silly addNameRange { name: 'learnyounode', range: '*', hasData: false }
12 silly mapToRegistry name learnyounode
13 silly mapToRegistry using default registry
14 silly mapToRegistry registry https://registry.npmjs.org/
15 silly mapToRegistry uri https://registry.npmjs.org/learnyounode
16 verbose addNameRange registry:https://registry.npmjs.org/learnyounode not in flight; fetching
17 verbose request uri https://registry.npmjs.org/learnyounode
18 verbose request no auth needed
19 info attempt registry request try #1 at 2:20:43 PM
20 verbose request id dc053af5f2aba875
21 http request GET https://registry.npmjs.org/learnyounode
22 http 200 https://registry.npmjs.org/learnyounode
23 silly get cb [ 200,
23 silly get   { server: 'CouchDB/1.5.0 (Erlang OTP/R16B03)',
23 silly get     etag: '"2UXZK82BQ4LD9BNPUYTTPAMKW"',
23 silly get     'content-type': 'application/json',
23 silly get     'cache-control': 'max-age=60',
23 silly get     'content-length': '117786',
23 silly get     'accept-ranges': 'bytes',
23 silly get     date: 'Tue, 18 Aug 2015 13:20:44 GMT',
23 silly get     via: '1.1 varnish',
23 silly get     age: '0',
23 silly get     connection: 'keep-alive',
23 silly get     'x-served-by': 'cache-lhr6333-LHR',
23 silly get     'x-cache': 'MISS',
23 silly get     'x-cache-hits': '0',
23 silly get     'x-timer': 'S1439904044.386673,VS0,VE162',
23 silly get     vary: 'Accept' } ]
24 verbose get saving learnyounode to /Users/UpstatePedro/.npm/registry.npmjs.org/learnyounode/.cache.json
25 verbose getCacheStat cache creation not in flight; initializing
26 silly addNameRange number 2 { name: 'learnyounode', range: '*', hasData: true }
27 silly addNameRange versions [ 'learnyounode',
27 silly addNameRange   [ '0.0.0',
27 silly addNameRange     '0.0.1',
27 silly addNameRange     '0.0.2',
27 silly addNameRange     '0.0.3',
27 silly addNameRange     '0.0.4',
27 silly addNameRange     '0.0.5',
27 silly addNameRange     '0.0.6',
27 silly addNameRange     '0.0.7',
27 silly addNameRange     '0.0.8',
27 silly addNameRange     '0.0.9',
27 silly addNameRange     '0.1.0',
27 silly addNameRange     '0.1.1',
27 silly addNameRange     '0.2.0',
27 silly addNameRange     '0.2.1',
27 silly addNameRange     '0.2.2',
27 silly addNameRange     '0.2.3',
27 silly addNameRange     '0.2.4',
27 silly addNameRange     '0.2.5',
27 silly addNameRange     '0.2.6',
27 silly addNameRange     '0.2.7',
27 silly addNameRange     '0.2.8',
27 silly addNameRange     '0.2.9',
27 silly addNameRange     '0.2.10',
27 silly addNameRange     '0.2.11',
27 silly addNameRange     '0.2.12',
27 silly addNameRange     '0.2.13',
27 silly addNameRange     '0.2.14',
27 silly addNameRange     '0.2.15',
27 silly addNameRange     '0.2.16',
27 silly addNameRange     '0.2.16-mimbug',
27 silly addNameRange     '0.3.0',
27 silly addNameRange     '0.3.1',
27 silly addNameRange     '0.3.2',
27 silly addNameRange     '0.3.3',
27 silly addNameRange     '0.4.0',
27 silly addNameRange     '0.4.1',
27 silly addNameRange     '1.0.0-alpha01',
27 silly addNameRange     '1.0.0',
27 silly addNameRange     '1.0.1',
27 silly addNameRange     '1.0.2',
27 silly addNameRange     '1.0.3',
27 silly addNameRange     '1.0.4',
27 silly addNameRange     '1.0.5',
27 silly addNameRange     '1.0.6',
27 silly addNameRange     '1.0.7',
27 silly addNameRange     '2.0.0',
27 silly addNameRange     '2.0.1',
27 silly addNameRange     '2.1.0',
27 silly addNameRange     '2.2.0',
27 silly addNameRange     '2.2.1',
27 silly addNameRange     '2.2.2',
27 silly addNameRange     '2.3.0',
27 silly addNameRange     '2.3.1',
27 silly addNameRange     '2.3.2',
27 silly addNameRange     '2.3.3',
27 silly addNameRange     '2.3.4',
27 silly addNameRange     '2.4.0',
27 silly addNameRange     '2.5.0',
27 silly addNameRange     '2.6.0',
27 silly addNameRange     '2.5.1',
27 silly addNameRange     '2.5.2',
27 silly addNameRange     '2.7.0',
27 silly addNameRange     '2.7.1' ] ]
28 silly addNamed learnyounode@2.7.1
29 verbose addNamed "2.7.1" is a plain semver version for learnyounode
30 silly mapToRegistry name learnyounode
31 silly mapToRegistry using default registry
32 silly mapToRegistry registry https://registry.npmjs.org/
33 silly mapToRegistry uri https://registry.npmjs.org/learnyounode
34 verbose addRemoteTarball https://registry.npmjs.org/learnyounode/-/learnyounode-2.7.1.tgz not in flight; adding
35 verbose addRemoteTarball [ 'https://registry.npmjs.org/learnyounode/-/learnyounode-2.7.1.tgz',
35 verbose addRemoteTarball   'bb2106c0ee0788298bc011ba857c8b33ffbe6384' ]
36 info retry fetch attempt 1 at 2:20:44 PM
37 info attempt registry request try #1 at 2:20:44 PM
38 http fetch GET https://registry.npmjs.org/learnyounode/-/learnyounode-2.7.1.tgz
39 http fetch 200 https://registry.npmjs.org/learnyounode/-/learnyounode-2.7.1.tgz
40 silly fetchAndShaCheck shasum bb2106c0ee0788298bc011ba857c8b33ffbe6384
41 verbose addTmpTarball /var/folders/qh/c37ft13j6c9733r962f27qpc0000gn/T/npm-36518-77adc11c/registry.npmjs.org/learnyounode/-/learnyounode-2.7.1.tgz not in flight; adding
42 verbose addTmpTarball already have metadata; skipping unpack for learnyounode@2.7.1
43 silly cache afterAdd learnyounode@2.7.1
44 verbose afterAdd /Users/UpstatePedro/.npm/learnyounode/2.7.1/package/package.json not in flight; writing
45 verbose afterAdd /Users/UpstatePedro/.npm/learnyounode/2.7.1/package/package.json written
46 silly install resolved [ { name: 'learnyounode',
46 silly install resolved     version: '2.7.1',
46 silly install resolved     description: 'Learn You The Node.js For Much Win! An intro to Node.js via a set of self-guided workshops.',
46 silly install resolved     author:
46 silly install resolved      { name: 'Rod Vagg',
46 silly install resolved        email: 'rod@vagg.org',
46 silly install resolved        url: 'https://github.com/rvagg' },
46 silly install resolved     contributors:
46 silly install resolved      [ [Object],
46 silly install resolved        [Object],
46 silly install resolved        [Object],
46 silly install resolved        [Object],
46 silly install resolved        [Object],
46 silly install resolved        [Object],
46 silly install resolved        [Object],
46 silly install resolved        [Object],
46 silly install resolved        [Object],
46 silly install resolved        [Object],
46 silly install resolved        [Object],
46 silly install resolved        [Object],
46 silly install resolved        [Object],
46 silly install resolved        [Object],
46 silly install resolved        [Object],
46 silly install resolved        [Object] ],
46 silly install resolved     repository:
46 silly install resolved      { type: 'git',
46 silly install resolved        url: 'git+https://github.com/rvagg/learnyounode.git' },
46 silly install resolved     license: 'MIT',
46 silly install resolved     dependencies:
46 silly install resolved      { after: '~0.8.1',
46 silly install resolved        bl: '~0.9.4',
46 silly install resolved        boganipsum: '~0.1.0',
46 silly install resolved        chalk: '~0.5.1',
46 silly install resolved        'colors-tmpl': '~1.0.0',
46 silly install resolved        'combined-stream': '~0.0.7',
46 silly install resolved        'concat-stream': '~1.4.7',
46 silly install resolved        duplexer: '~0.1.1',
46 silly install resolved        hyperquest: '~1.0.1',
46 silly install resolved        rimraf: '~2.2.8',
46 silly install resolved        through: '~2.3.6',
46 silly install resolved        through2: '~0.6.3',
46 silly install resolved        'through2-map': '~1.4.0',
46 silly install resolved        workshopper: '~2.7.0',
46 silly install resolved        'workshopper-exercise': '~2.4.0',
46 silly install resolved        'workshopper-wrappedexec': '~0.1.1' },
46 silly install resolved     bin: { learnyounode: './learnyounode.js' },
46 silly install resolved     preferGlobal: true,
46 silly install resolved     gitHead: '5d8c7377154aeaff48eabfe36f0149d2f4f5582b',
46 silly install resolved     bugs: { url: 'https://github.com/rvagg/learnyounode/issues' },
46 silly install resolved     homepage: 'https://github.com/rvagg/learnyounode#readme',
46 silly install resolved     _id: 'learnyounode@2.7.1',
46 silly install resolved     scripts: {},
46 silly install resolved     _shasum: 'bb2106c0ee0788298bc011ba857c8b33ffbe6384',
46 silly install resolved     _from: 'learnyounode@*',
46 silly install resolved     _npmVersion: '2.11.3',
46 silly install resolved     _nodeVersion: '2.3.1',
46 silly install resolved     _npmUser: { name: 'julianduque', email: 'julianduquej@gmail.com' },
46 silly install resolved     dist:
46 silly install resolved      { shasum: 'bb2106c0ee0788298bc011ba857c8b33ffbe6384',
46 silly install resolved        tarball: 'http://registry.npmjs.org/learnyounode/-/learnyounode-2.7.1.tgz' },
46 silly install resolved     maintainers: [ [Object], [Object], [Object] ],
46 silly install resolved     directories: {},
46 silly install resolved     _resolved: 'https://registry.npmjs.org/learnyounode/-/learnyounode-2.7.1.tgz' } ]
47 info install learnyounode@2.7.1 into /usr/local/lib
48 info installOne learnyounode@2.7.1
49 verbose installOne of learnyounode to /usr/local/lib not in flight; installing
50 verbose lock using /Users/UpstatePedro/.npm/_locks/learnyounode-3267a39f0ae1a4f5.lock for /usr/local/lib/node_modules/learnyounode
51 silly install write writing learnyounode 2.7.1 to /usr/local/lib/node_modules/learnyounode
52 verbose unbuild lib/node_modules/learnyounode
53 silly gentlyRm /usr/local/lib/node_modules/learnyounode is being purged from base /usr/local
54 verbose gentlyRm don't care about contents; nuking /usr/local/lib/node_modules/learnyounode
55 verbose tar unpack /Users/UpstatePedro/.npm/learnyounode/2.7.1/package.tgz
56 verbose tar unpacking to /usr/local/lib/node_modules/learnyounode
57 silly gentlyRm /usr/local/lib/node_modules/learnyounode is being purged
58 verbose gentlyRm don't care about contents; nuking /usr/local/lib/node_modules/learnyounode
59 silly gunzTarPerm modes [ '755', '644' ]
60 error tar.unpack untar error /Users/UpstatePedro/.npm/learnyounode/2.7.1/package.tgz
61 verbose unlock done using /Users/UpstatePedro/.npm/_locks/learnyounode-3267a39f0ae1a4f5.lock for /usr/local/lib/node_modules/learnyounode
62 verbose fstream_path /usr/local/lib/node_modules/learnyounode
63 verbose fstream_type Directory
64 verbose fstream_class DirWriter
65 verbose stack Error: EACCES, mkdir '/usr/local/lib/node_modules/learnyounode'
65 verbose stack     at Error (native)
66 verbose fstream_stack /usr/local/lib/node_modules/npm/node_modules/fstream/lib/dir-writer.js:35:25
66 verbose fstream_stack /usr/local/lib/node_modules/npm/node_modules/mkdirp/index.js:47:53
66 verbose fstream_stack FSReqWrap.oncomplete (fs.js:95:15)
67 verbose cwd /Users/UpstatePedro/PmH_GD/Projects/Makers/Wk5/Tuesday/Thermostat_Tuesday
68 error Darwin 14.4.0
69 error argv "node" "/usr/local/bin/npm" "install" "-g" "learnyounode"
70 error node v0.12.7
71 error npm  v2.11.3
72 error path /usr/local/lib/node_modules/learnyounode
73 error code EACCES
74 error errno -13
75 error Error: EACCES, mkdir '/usr/local/lib/node_modules/learnyounode'
75 error     at Error (native)
75 error  { [Error: EACCES, mkdir '/usr/local/lib/node_modules/learnyounode']
75 error   errno: -13,
75 error   code: 'EACCES',
75 error   path: '/usr/local/lib/node_modules/learnyounode',
75 error   fstream_type: 'Directory',
75 error   fstream_path: '/usr/local/lib/node_modules/learnyounode',
75 error   fstream_class: 'DirWriter',
75 error   fstream_stack:
75 error    [ '/usr/local/lib/node_modules/npm/node_modules/fstream/lib/dir-writer.js:35:25',
75 error      '/usr/local/lib/node_modules/npm/node_modules/mkdirp/index.js:47:53',
75 error      'FSReqWrap.oncomplete (fs.js:95:15)' ] }
76 error Please try running this command again as root/Administrator.
77 verbose exit [ -13, true ]
78 verbose unbuild lib/node_modules/learnyounode
79 silly gentlyRm /usr/local/lib/node_modules/learnyounode is being purged from base /usr/local
80 verbose gentlyRm don't care about contents; nuking /usr/local/lib/node_modules/learnyounode
